<?xml version="1.0" encoding="UTF-8"?>
<testsuite xmlns:xsi="http://www.w3.org/2001/XMLSchema-instance" xsi:noNamespaceSchemaLocation="https://maven.apache.org/surefire/maven-surefire-plugin/xsd/surefire-test-report.xsd" name="it.unipd.mtss.RomanPrinterTest" time="0.015" tests="21" errors="0" skipped="0" failures="0">
  <properties>
    <property name="sun.desktop" value="windows"/>
    <property name="awt.toolkit" value="sun.awt.windows.WToolkit"/>
    <property name="java.specification.version" value="11"/>
    <property name="sun.cpu.isalist" value="amd64"/>
    <property name="sun.jnu.encoding" value="Cp1252"/>
    <property name="java.class.path" value="C:\Users\nicol\Desktop\roman-number\target\test-classes;C:\Users\nicol\Desktop\roman-number\target\classes;C:\Users\nicol\.m2\repository\org\junit\jupiter\junit-jupiter-api\5.8.2\junit-jupiter-api-5.8.2.jar;C:\Users\nicol\.m2\repository\org\opentest4j\opentest4j\1.2.0\opentest4j-1.2.0.jar;C:\Users\nicol\.m2\repository\org\junit\platform\junit-platform-commons\1.8.2\junit-platform-commons-1.8.2.jar;C:\Users\nicol\.m2\repository\org\apiguardian\apiguardian-api\1.1.2\apiguardian-api-1.1.2.jar;C:\Users\nicol\.m2\repository\org\junit\jupiter\junit-jupiter-engine\5.8.2\junit-jupiter-engine-5.8.2.jar;C:\Users\nicol\.m2\repository\org\junit\platform\junit-platform-engine\1.8.2\junit-platform-engine-1.8.2.jar;"/>
    <property name="java.vm.vendor" value="Oracle Corporation"/>
    <property name="sun.arch.data.model" value="64"/>
    <property name="user.variant" value=""/>
    <property name="java.vendor.url" value="http://java.oracle.com/"/>
    <property name="user.timezone" value="Europe/Berlin"/>
    <property name="java.vm.specification.version" value="11"/>
    <property name="os.name" value="Windows 10"/>
    <property name="sun.java.launcher" value="SUN_STANDARD"/>
    <property name="user.country" value="IT"/>
    <property name="sun.boot.library.path" value="D:\Program Files\java\jdk-11\bin"/>
    <property name="sun.java.command" value="C:\Users\nicol\AppData\Local\Temp\surefire16863511038969145347\surefirebooter6291515741351686412.jar C:\Users\nicol\AppData\Local\Temp\surefire16863511038969145347 2023-05-13T11-55-08_683-jvmRun1 surefire14331123106245939965tmp surefire_015810111537635320703tmp"/>
    <property name="jdk.debug" value="release"/>
    <property name="surefire.test.class.path" value="C:\Users\nicol\Desktop\roman-number\target\test-classes;C:\Users\nicol\Desktop\roman-number\target\classes;C:\Users\nicol\.m2\repository\org\junit\jupiter\junit-jupiter-api\5.8.2\junit-jupiter-api-5.8.2.jar;C:\Users\nicol\.m2\repository\org\opentest4j\opentest4j\1.2.0\opentest4j-1.2.0.jar;C:\Users\nicol\.m2\repository\org\junit\platform\junit-platform-commons\1.8.2\junit-platform-commons-1.8.2.jar;C:\Users\nicol\.m2\repository\org\apiguardian\apiguardian-api\1.1.2\apiguardian-api-1.1.2.jar;C:\Users\nicol\.m2\repository\org\junit\jupiter\junit-jupiter-engine\5.8.2\junit-jupiter-engine-5.8.2.jar;C:\Users\nicol\.m2\repository\org\junit\platform\junit-platform-engine\1.8.2\junit-platform-engine-1.8.2.jar;"/>
    <property name="sun.cpu.endian" value="little"/>
    <property name="user.home" value="C:\Users\nicol"/>
    <property name="user.language" value="it"/>
    <property name="java.specification.vendor" value="Oracle Corporation"/>
    <property name="java.version.date" value="2018-09-25"/>
    <property name="java.home" value="D:\Program Files\java\jdk-11"/>
    <property name="file.separator" value="\"/>
    <property name="basedir" value="C:\Users\nicol\Desktop\roman-number"/>
    <property name="java.vm.compressedOopsMode" value="Zero based"/>
    <property name="line.separator" value="&#10;"/>
    <property name="java.specification.name" value="Java Platform API Specification"/>
    <property name="java.vm.specification.vendor" value="Oracle Corporation"/>
    <property name="java.awt.graphicsenv" value="sun.awt.Win32GraphicsEnvironment"/>
    <property name="surefire.real.class.path" value="C:\Users\nicol\AppData\Local\Temp\surefire16863511038969145347\surefirebooter6291515741351686412.jar"/>
    <property name="user.script" value=""/>
    <property name="sun.management.compiler" value="HotSpot 64-Bit Tiered Compilers"/>
    <property name="java.runtime.version" value="11+28"/>
    <property name="user.name" value="nicol"/>
    <property name="path.separator" value=";"/>
    <property name="os.version" value="10.0"/>
    <property name="java.runtime.name" value="OpenJDK Runtime Environment"/>
    <property name="file.encoding" value="Cp1252"/>
    <property name="java.vm.name" value="OpenJDK 64-Bit Server VM"/>
    <property name="java.vendor.version" value="18.9"/>
    <property name="localRepository" value="C:\Users\nicol\.m2\repository"/>
    <property name="java.vendor.url.bug" value="http://bugreport.java.com/bugreport/"/>
    <property name="java.io.tmpdir" value="C:\Users\nicol\AppData\Local\Temp\"/>
    <property name="java.version" value="11"/>
    <property name="user.dir" value="C:\Users\nicol\Desktop\roman-number"/>
    <property name="os.arch" value="amd64"/>
    <property name="java.vm.specification.name" value="Java Virtual Machine Specification"/>
    <property name="java.awt.printerjob" value="sun.awt.windows.WPrinterJob"/>
    <property name="sun.os.patch.level" value=""/>
    <property name="java.library.path" value="D:\Program Files\java\jdk-11\bin;C:\WINDOWS\Sun\Java\bin;C:\WINDOWS\system32;C:\WINDOWS;C:\Program Files\Eclipse Adoptium\jdk-8.0.362.9-hotspot\bin;C:\WINDOWS\system32;C:\WINDOWS;C:\WINDOWS\System32\Wbem;C:\WINDOWS\System32\WindowsPowerShell\v1.0\;C:\WINDOWS\System32\OpenSSH\;C:\MinGW\bin;C:\Program Files\dotnet\;E:\Programs\Git\cmd;D:\Program Files\java\jdk-11\bin;E:\Program Files\MATLAB\R2023a\bin;C:\ApacheMaven\apache-maven-3.9.1\bin;C:\Users\nicol\AppData\Local\Microsoft\WindowsApps;D:\nicol\AppData\Local\Programs\Microsoft VS Code\bin;;E:\Programs\Program Files\JetBrains\IntelliJ IDEA 2023.1.1\bin;;."/>
    <property name="java.vendor" value="Oracle Corporation"/>
    <property name="java.vm.info" value="mixed mode"/>
    <property name="java.vm.version" value="11+28"/>
    <property name="sun.io.unicode.encoding" value="UnicodeLittle"/>
    <property name="java.class.version" value="55.0"/>
  </properties>
  <testcase name="testPrintNegative100" classname="it.unipd.mtss.RomanPrinterTest" time="0"/>
  <testcase name="testPrintNegative500" classname="it.unipd.mtss.RomanPrinterTest" time="0"/>
  <testcase name="testPrintNegative1" classname="it.unipd.mtss.RomanPrinterTest" time="0"/>
  <testcase name="testPrintNegative5" classname="it.unipd.mtss.RomanPrinterTest" time="0"/>
  <testcase name="testPrint1000" classname="it.unipd.mtss.RomanPrinterTest" time="0"/>
  <testcase name="testPrintNull" classname="it.unipd.mtss.RomanPrinterTest" time="0"/>
  <testcase name="testPrint10" classname="it.unipd.mtss.RomanPrinterTest" time="0"/>
  <testcase name="testPrint50" classname="it.unipd.mtss.RomanPrinterTest" time="0.001"/>
  <testcase name="testPrint100" classname="it.unipd.mtss.RomanPrinterTest" time="0.003"/>
  <testcase name="testPrint500" classname="it.unipd.mtss.RomanPrinterTest" time="0.001"/>
  <testcase name="testPrintNegative10" classname="it.unipd.mtss.RomanPrinterTest" time="0"/>
  <testcase name="testPrintNegative50" classname="it.unipd.mtss.RomanPrinterTest" time="0.001"/>
  <testcase name="testPrintAsciiArtWithCC" classname="it.unipd.mtss.RomanPrinterTest" time="0"/>
  <testcase name="testPrintAsciiArtWithDD" classname="it.unipd.mtss.RomanPrinterTest" time="0"/>
  <testcase name="testPrintAsciiArtWithII" classname="it.unipd.mtss.RomanPrinterTest" time="0.001"/>
  <testcase name="testPrintAsciiArtWithLL" classname="it.unipd.mtss.RomanPrinterTest" time="0"/>
  <testcase name="testPrintAsciiArtWithVV" classname="it.unipd.mtss.RomanPrinterTest" time="0"/>
  <testcase name="testPrintAsciiArtWithXX" classname="it.unipd.mtss.RomanPrinterTest" time="0"/>
  <testcase name="testPrintNegative1000" classname="it.unipd.mtss.RomanPrinterTest" time="0"/>
  <testcase name="testPrint1" classname="it.unipd.mtss.RomanPrinterTest" time="0"/>
  <testcase name="testPrint5" classname="it.unipd.mtss.RomanPrinterTest" time="0.001"/>
</testsuite>